<?xml version="1.0" encoding="UTF-8"?>
<testng-results ignored="0" total="3" passed="3" failed="0" skipped="0">
  <reporter-output>
  </reporter-output>
  <suite started-at="2024-03-14T23:45:25 EDT" name="Default suite" finished-at="2024-03-14T23:45:44 EDT" duration-ms="18632">
    <groups>
    </groups>
    <test started-at="2024-03-14T23:45:25 EDT" name="Default test" finished-at="2024-03-14T23:45:44 EDT" duration-ms="18632">
      <class name="packComm.TestComm">
        <test-method signature="login(java.lang.String,java.lang.String)[pri:0, instance:packComm.TestComm@16a0ee18]" started-at="2024-03-14T23:45:25 EDT" name="login" data-provider="getData" finished-at="2024-03-14T23:45:32 EDT" duration-ms="7226" status="PASS">
          <params>
            <param index="0">
              <value>
                <![CDATA[aayushi@gmail.com]]>
              </value>
            </param>
            <param index="1">
              <value>
                <![CDATA[vyas]]>
              </value>
            </param>
          </params>
          <reporter-output>
          </reporter-output>
        </test-method> <!-- login -->
        <test-method signature="login(java.lang.String,java.lang.String)[pri:0, instance:packComm.TestComm@16a0ee18]" started-at="2024-03-14T23:45:32 EDT" name="login" data-provider="getData" finished-at="2024-03-14T23:45:38 EDT" duration-ms="5863" status="PASS">
          <params>
            <param index="0">
              <value>
                <![CDATA[ronak@gmail.com]]>
              </value>
            </param>
            <param index="1">
              <value>
                <![CDATA[sheth]]>
              </value>
            </param>
          </params>
          <reporter-output>
          </reporter-output>
        </test-method> <!-- login -->
        <test-method signature="login(java.lang.String,java.lang.String)[pri:0, instance:packComm.TestComm@16a0ee18]" started-at="2024-03-14T23:45:38 EDT" name="login" data-provider="getData" finished-at="2024-03-14T23:45:44 EDT" duration-ms="5492" status="PASS">
          <params>
            <param index="0">
              <value>
                <![CDATA[meet@gmail.com]]>
              </value>
            </param>
            <param index="1">
              <value>
                <![CDATA[patel]]>
              </value>
            </param>
          </params>
          <reporter-output>
          </reporter-output>
        </test-method> <!-- login -->
      </class> <!-- packComm.TestComm -->
    </test> <!-- Default test -->
  </suite> <!-- Default suite -->
</testng-results>
